<?xml version="1.0" encoding="UTF-8"?>
<Site BuildName="(empty)"
	BuildStamp="20250213-1307-Experimental"
	Name="(empty)"
	Generator="ctest-3.22.1"
	CompilerName=""
	CompilerVersion=""
	OSName="Linux"
	Hostname="sardiness-IdeaPad-Flex-5-14ABR8"
	OSRelease="6.8.0-52-generic"
	OSVersion="#53~22.04.1-Ubuntu SMP PREEMPT_DYNAMIC Wed Jan 15 19:18:46 UTC 2"
	OSPlatform="x86_64"
	Is64Bits="1"
	VendorString="AuthenticAMD"
	VendorID="Advanced Micro Devices"
	FamilyID="25"
	ModelID="80"
	ProcessorCacheSize="512"
	NumberOfLogicalCPU="12"
	NumberOfPhysicalCPU="6"
	TotalVirtualMemory="0"
	TotalPhysicalMemory="15340"
	LogicalProcessorsPerPhysical="2"
	ProcessorClockFrequency="3811.92"
	>
	<Testing>
		<StartDateTime>Feb 13 18:37 IST</StartDateTime>
		<StartTestTime>1739452023</StartTestTime>
		<TestList/>
		<EndDateTime>Feb 13 18:37 IST</EndDateTime>
		<EndTestTime>1739452023</EndTestTime>
		<ElapsedMinutes>0</ElapsedMinutes>
	</Testing>
</Site>
